<?xml version='1.0' encoding='UTF-8'?>
<testsuite hostname="spectre" name="barneshut.BarnesHutSuite" tests="9" errors="0" failures="0" skipped="0" time="0.601" timestamp="2019-03-21T13:07:09">
                     <properties>
[...]
</properties>
                     <testcase classname="barneshut.BarnesHutSuite" name="Body$u002Eupdated should take bodies in a Leaf into account" time="0.515">
                                                 
                                               </testcase><testcase classname="barneshut.BarnesHutSuite" name="Empty: center of mass should be the center of the cell" time="0.007">
                                                 
                                               </testcase><testcase classname="barneshut.BarnesHutSuite" name="'SectorMatrix$u002E+=' should add a body at (25,47) to the correct bucket of a sector matrix of size 96" time="0.036">
                                                 
                                               </testcase><testcase classname="barneshut.BarnesHutSuite" name="Leaf with 1 body" time="0.004">
                                                 
                                               </testcase><testcase classname="barneshut.BarnesHutSuite" name="Body$u002Eupdated should do nothing for Empty quad trees" time="0.003">
                                                 
                                               </testcase><testcase classname="barneshut.BarnesHutSuite" name="Empty: total should be 0" time="0.008">
                                                 
                                               </testcase><testcase classname="barneshut.BarnesHutSuite" name="Empty: mass should be 0" time="0.004">
                                                 
                                               </testcase><testcase classname="barneshut.BarnesHutSuite" name="Fork with 3 empty quadrants and 1 leaf (nw &amp; ne)" time="0.015">
                                                 
                                               </testcase><testcase classname="barneshut.BarnesHutSuite" name="Empty$u002Einsert(b) should return a Leaf with only that body" time="0.009">
                                                 
                                               </testcase>
                     <system-out><![CDATA[]]></system-out>
                     <system-err><![CDATA[]]></system-err>
                   </testsuite>