<?xml version='1.0' encoding='UTF-8'?>
<testsuite hostname="spectre" name="actorbintree.BinaryTreeSuite" tests="6" errors="0" failures="0" skipped="0" time="2.457" timestamp="2019-04-21T17:19:34">
                     <properties>
[...]
</properties>
                     <testcase classname="actorbintree.BinaryTreeSuite" name="behave identically to built-in set (includes GC) (test 1)" time="1.682">
                                                 
                                               </testcase><testcase classname="actorbintree.BinaryTreeSuite" name="behave identically to built-in set (includes GC) (test 2)" time="0.201">
                                                 
                                               </testcase><testcase classname="actorbintree.BinaryTreeSuite" name="behave identically to built-in set (includes GC) (test 3)" time="0.152">
                                                 
                                               </testcase><testcase classname="actorbintree.BinaryTreeSuite" name="behave identically to built-in set (includes GC) (test 4)" time="0.21">
                                                 
                                               </testcase><testcase classname="actorbintree.BinaryTreeSuite" name="instruction example" time="0.146">
                                                 
                                               </testcase><testcase classname="actorbintree.BinaryTreeSuite" name="proper inserts and lookups" time="0.066">
                                                 
                                               </testcase>
                     <system-out><![CDATA[]]></system-out>
                     <system-err><![CDATA[]]></system-err>
                   </testsuite>